<?xml version="1.0" encoding="UTF-8"?>
<testng-results skipped="0" failed="0" ignored="0" total="1" passed="1">
  <reporter-output>
  </reporter-output>
  <suite name="Default suite" duration-ms="91112" started-at="2018-11-29T12:07:48Z" finished-at="2018-11-29T12:09:19Z">
    <groups>
    </groups>
    <test name="Default test" duration-ms="91112" started-at="2018-11-29T12:07:48Z" finished-at="2018-11-29T12:09:19Z">
      <class name="DDT.LinkedInWebsiteTesting">
        <test-method status="PASS" signature="fbLoginLogout(java.lang.String, java.lang.String)[pri:0, instance:DDT.LinkedInWebsiteTesting@c038203]" name="fbLoginLogout" duration-ms="91075" started-at="2018-11-29T12:07:48Z" data-provider="testdataset" finished-at="2018-11-29T12:09:19Z">
          <params>
            <param index="0">
              <value>
                <![CDATA[ZaneleZanele.Blose@gmail.com]]>
              </value>
            </param>
            <param index="1">
              <value>
                <![CDATA[ZBlose.Blose]]>
              </value>
            </param>
          </params>
          <reporter-output>
          </reporter-output>
        </test-method> <!-- fbLoginLogout -->
      </class> <!-- DDT.LinkedInWebsiteTesting -->
    </test> <!-- Default test -->
  </suite> <!-- Default suite -->
</testng-results>
