<?xml version="1.0" encoding="UTF-8"?>
<testng-results skipped="0" failed="0" ignored="0" total="1" passed="1">
  <reporter-output>
  </reporter-output>
  <suite name="Default suite" duration-ms="90129" started-at="2018-11-29T12:44:19Z" finished-at="2018-11-29T12:45:49Z">
    <groups>
    </groups>
    <test name="Default test" duration-ms="90129" started-at="2018-11-29T12:44:19Z" finished-at="2018-11-29T12:45:49Z">
      <class name="LinkedIn.LinkedInAutomationTesting">
        <test-method status="PASS" signature="fbLoginLogout(java.lang.String, java.lang.String)[pri:0, instance:LinkedIn.LinkedInAutomationTesting@7f9a81e8]" name="fbLoginLogout" duration-ms="90098" started-at="2018-11-29T12:44:19Z" data-provider="testdataset" finished-at="2018-11-29T12:45:49Z">
          <params>
            <param index="0">
              <value>
                <![CDATA[ZaneleZanele.Blose@gmail.com]]>
              </value>
            </param>
            <param index="1">
              <value>
                <![CDATA[ZBlose.Blose]]>
              </value>
            </param>
          </params>
          <reporter-output>
          </reporter-output>
        </test-method> <!-- fbLoginLogout -->
      </class> <!-- LinkedIn.LinkedInAutomationTesting -->
    </test> <!-- Default test -->
  </suite> <!-- Default suite -->
</testng-results>
